[Install]
Path1=C:\Program Files (x86)\RadioLine Free\RadioLine.exe
Path2=C:\Program Files (x86)\RadioLine Free\ReadMe.txt
Path3=C:\Program Files (x86)\RadioLine Free\Rll.zip
Path4=C:\Program Files (x86)\RadioLine Free\Splash.eng
Path5=C:\Program Files (x86)\RadioLine Free\Splash.jpn
Path6=C:\Program Files (x86)\RadioLine Free\String.jpn
Path7=C:\Program Files (x86)\RadioLine Free\String.jpn.bak
Path8=C:\Program Files (x86)\RadioLine Free\ToolBar.eng
Path9=C:\Program Files (x86)\RadioLine Free\ToolBar.jpn
Path10=C:\Program Files (x86)\RadioLine Free\Track.eng
Path11=C:\Program Files (x86)\RadioLine Free\Track.jpn
Path12=C:\Program Files (x86)\RadioLine Free\TransportBar.eng
Path13=C:\Program Files (x86)\RadioLine Free\TransportBar.eng.bak
Path14=C:\Program Files (x86)\RadioLine Free\TransportBar.jpn
Path15=C:\Program Files (x86)\RadioLine Free\TransportBar.jpn.bak
Path16=C:\Program Files (x86)\RadioLine Free\resource\about.jpg
Path17=C:\Program Files (x86)\RadioLine Free\resource\about_icon.png
Path18=C:\Program Files (x86)\RadioLine Free\resource\background.png
Path19=C:\Program Files (x86)\RadioLine Free\resource\coderium_logo.png
Path20=C:\Program Files (x86)\RadioLine Free\resource\echo.png
Path21=C:\Program Files (x86)\RadioLine Free\resource\memo.png
Path22=C:\Program Files (x86)\RadioLine Free\resource\new.png
Path23=C:\Program Files (x86)\RadioLine Free\resource\open.png
Path24=C:\Program Files (x86)\RadioLine Free\resource\palette.png
Path25=C:\Program Files (x86)\RadioLine Free\resource\play_ff.png
Path26=C:\Program Files (x86)\RadioLine Free\resource\play_loop.png
Path27=C:\Program Files (x86)\RadioLine Free\resource\play_play.png
Path28=C:\Program Files (x86)\RadioLine Free\resource\play_rew.png
Path29=C:\Program Files (x86)\RadioLine Free\resource\record.png
Path30=C:\Program Files (x86)\RadioLine Free\resource\redo.png
Path31=C:\Program Files (x86)\RadioLine Free\resource\save.png
Path32=C:\Program Files (x86)\RadioLine Free\resource\save_as.png
Path33=C:\Program Files (x86)\RadioLine Free\resource\save_as_audio.png
Path34=C:\Program Files (x86)\RadioLine Free\resource\splash.png
Path35=C:\Program Files (x86)\RadioLine Free\resource\undo.png
Path36=C:\Program Files (x86)\RadioLine Free\resource\zoom_in.png
Path37=C:\Program Files (x86)\RadioLine Free\resource\zoom_out.png
Path38=C:\Program Files (x86)\RadioLine Free\About.eng
Path39=C:\Program Files (x86)\RadioLine Free\About.jpn
Path40=C:\Program Files (x86)\RadioLine Free\AboutDialog.eng
Path41=C:\Program Files (x86)\RadioLine Free\AboutDialog.jpn
Path42=C:\Program Files (x86)\RadioLine Free\background.png
Path43=C:\Program Files (x86)\RadioLine Free\Delay.eng
Path44=C:\Program Files (x86)\RadioLine Free\Delay.jpn
Path45=C:\Program Files (x86)\RadioLine Free\Echo.eng
Path46=C:\Program Files (x86)\RadioLine Free\Echo.jpn
Path47=C:\Program Files (x86)\RadioLine Free\MasterTrack.eng
Path48=C:\Program Files (x86)\RadioLine Free\MasterTrack.jpn
Path49=C:\Program Files (x86)\RadioLine Free\Memo.eng
Path50=C:\Program Files (x86)\RadioLine Free\Memo.jpn
Path51=C:\Program Files (x86)\RadioLine Free\MixDownToSoundEngine.eng
Path52=C:\Program Files (x86)\RadioLine Free\MixDownToSoundEngine.jpn
Path53=C:\Program Files (x86)\RadioLine Free\Palette.eng
Path54=C:\Program Files (x86)\RadioLine Free\Palette.jpn