[Install]
Path1=C:\Program Files (x86)\SoundEngine Free\SoundEngine.exe
Path2=C:\Program Files (x86)\SoundEngine Free\Splash.eng
Path3=C:\Program Files (x86)\SoundEngine Free\Splash.jpn
Path4=C:\Program Files (x86)\SoundEngine Free\String.jpn
Path5=C:\Program Files (x86)\SoundEngine Free\ToolBar.eng
Path6=C:\Program Files (x86)\SoundEngine Free\ToolBar.jpn
Path7=C:\Program Files (x86)\SoundEngine Free\WaveDevice.exe
Path8=C:\Program Files (x86)\SoundEngine Free\WaveError.exe
Path9=C:\Program Files (x86)\SoundEngine Free\WaveGenerator.exe
Path10=C:\Program Files (x86)\SoundEngine Free\resource\about.jpg
Path11=C:\Program Files (x86)\SoundEngine Free\resource\about_icon.png
Path12=C:\Program Files (x86)\SoundEngine Free\resource\auto_trace.png
Path13=C:\Program Files (x86)\SoundEngine Free\resource\background.png
Path14=C:\Program Files (x86)\SoundEngine Free\resource\begin_mark.png
Path15=C:\Program Files (x86)\SoundEngine Free\resource\coderium_logo.png
Path16=C:\Program Files (x86)\SoundEngine Free\resource\end_mark.png
Path17=C:\Program Files (x86)\SoundEngine Free\resource\grip_move.png
Path18=C:\Program Files (x86)\SoundEngine Free\resource\new.png
Path19=C:\Program Files (x86)\SoundEngine Free\resource\normal_mark.png
Path20=C:\Program Files (x86)\SoundEngine Free\resource\open.png
Path21=C:\Program Files (x86)\SoundEngine Free\resource\play_ff.png
Path22=C:\Program Files (x86)\SoundEngine Free\resource\play_loop.png
Path23=C:\Program Files (x86)\SoundEngine Free\resource\play_pause.png
Path24=C:\Program Files (x86)\SoundEngine Free\resource\play_play.png
Path25=C:\Program Files (x86)\SoundEngine Free\resource\play_rew.png
Path26=C:\Program Files (x86)\SoundEngine Free\resource\play_top.png
Path27=C:\Program Files (x86)\SoundEngine Free\resource\record_pause.png
Path28=C:\Program Files (x86)\SoundEngine Free\resource\record_play.png
Path29=C:\Program Files (x86)\SoundEngine Free\resource\record_record.png
Path30=C:\Program Files (x86)\SoundEngine Free\resource\redo.png
Path31=C:\Program Files (x86)\SoundEngine Free\resource\save.png
Path32=C:\Program Files (x86)\SoundEngine Free\resource\save_as.png
Path33=C:\Program Files (x86)\SoundEngine Free\resource\selected_begin_mark.png
Path34=C:\Program Files (x86)\SoundEngine Free\resource\selected_end_mark.png
Path35=C:\Program Files (x86)\SoundEngine Free\resource\selected_normal_mark.png
Path36=C:\Program Files (x86)\SoundEngine Free\resource\side_bar.png
Path37=C:\Program Files (x86)\SoundEngine Free\resource\splash.jpg
Path38=C:\Program Files (x86)\SoundEngine Free\resource\undo.png
Path39=C:\Program Files (x86)\SoundEngine Free\resource\visual.png
Path40=C:\Program Files (x86)\SoundEngine Free\resource\zoom_in.png
Path41=C:\Program Files (x86)\SoundEngine Free\resource\zoom_out.png
Path42=C:\Program Files (x86)\SoundEngine Free\AboutDialog.eng
Path43=C:\Program Files (x86)\SoundEngine Free\AboutDialog.jpn
Path44=C:\Program Files (x86)\SoundEngine Free\AudioConverter.exe
Path45=C:\Program Files (x86)\SoundEngine Free\AudioConverter.jpn
Path46=C:\Program Files (x86)\SoundEngine Free\BottomBar.eng
Path47=C:\Program Files (x86)\SoundEngine Free\BottomBar.jpn
Path48=C:\Program Files (x86)\SoundEngine Free\EasyMainDlgBar.eng
Path49=C:\Program Files (x86)\SoundEngine Free\EasyMainDlgBar.jpn
Path50=C:\Program Files (x86)\SoundEngine Free\EasyToolBar.eng
Path51=C:\Program Files (x86)\SoundEngine Free\EasyToolBar.jpn
Path52=C:\Program Files (x86)\SoundEngine Free\EffectorDlg.eng
Path53=C:\Program Files (x86)\SoundEngine Free\EffectorDlg.jpn
Path54=C:\Program Files (x86)\SoundEngine Free\FormatConverterDlg.eng
Path55=C:\Program Files (x86)\SoundEngine Free\FormatConverterDlg.jpn
Path56=C:\Program Files (x86)\SoundEngine Free\LeftBar.jpn
Path57=C:\Program Files (x86)\SoundEngine Free\LeftBarForBottom.eng
Path58=C:\Program Files (x86)\SoundEngine Free\LeftBarForBottom.jpn
Path59=C:\Program Files (x86)\SoundEngine Free\LeftBarForTop.eng
Path60=C:\Program Files (x86)\SoundEngine Free\LeftBarForTop.jpn
Path61=C:\Program Files (x86)\SoundEngine Free\LevelMeterDlgBar.eng
Path62=C:\Program Files (x86)\SoundEngine Free\MainDlgBar.eng
Path63=C:\Program Files (x86)\SoundEngine Free\MainDlgBar.jpn
Path64=C:\Program Files (x86)\SoundEngine Free\ModeSelect.eng
Path65=C:\Program Files (x86)\SoundEngine Free\ModeSelect.jpn
Path66=C:\Program Files (x86)\SoundEngine Free\OpenUrlDlg.eng
Path67=C:\Program Files (x86)\SoundEngine Free\OpenUrlDlg.jpn
Path68=C:\Program Files (x86)\SoundEngine Free\ReadMe.txt
Path69=C:\Program Files (x86)\SoundEngine Free\Restarter.exe
Path70=C:\Program Files (x86)\SoundEngine Free\Sec.zip
Path71=C:\Program Files (x86)\SoundEngine Free\SeclDlg.eng
Path72=C:\Program Files (x86)\SoundEngine Free\SeclDlg.jpn
Path73=C:\Program Files (x86)\SoundEngine Free\Sel.zip
Path74=C:\Program Files (x86)\SoundEngine Free\Ses.zip
Path75=C:\Program Files (x86)\SoundEngine Free\sound.ogg
Path76=C:\Program Files (x86)\SoundEngine Free\sound.wav
Path77=C:\Program Files (x86)\SoundEngine Free\sound.wma